Sat Sep 07 22:34:25 IST 2019 : Apache Derby Network Server - 10.14.2.0 - (1828579) started and ready to accept connections on port 1527
----------------------------------------------------------------
Sat Sep 07 22:34:26 IST 2019:
Booting Derby version The Apache Software Foundation - Apache Derby - 10.14.2.0 - (1828579): instance a816c00e-016d-0caf-1b30-ffffb83b4d12 
on database directory D:\Data Structure Project\AtmSimulator\src\customers with class loader jdk.internal.loader.ClassLoaders$AppClassLoader@c387f44 
Loaded from file:/C:/Program%20Files/Java/glassfish5/javadb/lib/derby.jar
java.vendor=Oracle Corporation
java.runtime.version=12.0.2+10
user.dir=C:\Program Files\Java\glassfish5\javadb
os.name=Windows 10
os.arch=amd64
os.version=10.0
derby.system.home=D:\Data Structure Project\AtmSimulator\src
Database Class Loader started - derby.database.classpath=''
----------------------------------------------------------------
Sat Sep 07 22:35:22 IST 2019:
Shutting down instance a816c00e-016d-0caf-1b30-ffffb83b4d12 on database directory D:\Data Structure Project\AtmSimulator\src\customers with class loader jdk.internal.loader.ClassLoaders$AppClassLoader@c387f44 
Sat Sep 07 22:35:22 IST 2019 Thread[DRDAConnThread_3,5,main] (DATABASE = customers), (DRDAID = {2}), Database 'customers' shutdown.
----------------------------------------------------------------
Sat Sep 07 22:36:14 IST 2019:
Booting Derby version The Apache Software Foundation - Apache Derby - 10.14.2.0 - (1828579): instance 61e8403f-016d-0caf-1b30-ffffb83b4d12 
on database directory D:\Data Structure Project\AtmSimulator\src\customer with class loader jdk.internal.loader.ClassLoaders$AppClassLoader@c387f44 
Loaded from file:/C:/Program%20Files/Java/glassfish5/javadb/lib/derby.jar
java.vendor=Oracle Corporation
java.runtime.version=12.0.2+10
user.dir=C:\Program Files\Java\glassfish5\javadb
os.name=Windows 10
os.arch=amd64
os.version=10.0
derby.system.home=D:\Data Structure Project\AtmSimulator\src
Database Class Loader started - derby.database.classpath=''
----------------------------------------------------------------
Sat Sep 07 22:36:24 IST 2019:
Shutting down instance 61e8403f-016d-0caf-1b30-ffffb83b4d12 on database directory D:\Data Structure Project\AtmSimulator\src\customer with class loader jdk.internal.loader.ClassLoaders$AppClassLoader@c387f44 
Sat Sep 07 22:36:24 IST 2019 Thread[DRDAConnThread_3,5,main] (DATABASE = customer), (DRDAID = {4}), Database 'customer' shutdown.
----------------------------------------------------------------
Sat Sep 07 22:36:28 IST 2019:
Booting Derby version The Apache Software Foundation - Apache Derby - 10.14.2.0 - (1828579): instance 906400e0-016d-0caf-1b30-ffffb83b4d12 
on database directory D:\Data Structure Project\AtmSimulator\src\customer with class loader jdk.internal.loader.ClassLoaders$AppClassLoader@c387f44 
Loaded from file:/C:/Program%20Files/Java/glassfish5/javadb/lib/derby.jar
java.vendor=Oracle Corporation
java.runtime.version=12.0.2+10
user.dir=C:\Program Files\Java\glassfish5\javadb
os.name=Windows 10
os.arch=amd64
os.version=10.0
derby.system.home=D:\Data Structure Project\AtmSimulator\src
Database Class Loader started - derby.database.classpath=''
